#
# There is insufficient memory for the Java Runtime Environment to continue.
# Native memory allocation (malloc) failed to allocate 32744 bytes for Chunk::new
# Possible reasons:
#   The system is out of physical RAM or swap space
#   The process is running with CompressedOops enabled, and the Java Heap may be blocking the growth of the native heap
# Possible solutions:
#   Reduce memory load on the system
#   Increase physical memory or swap space
#   Check if swap backing store is full
#   Decrease Java heap size (-Xmx/-Xms)
#   Decrease number of Java threads
#   Decrease Java thread stack sizes (-Xss)
#   Set larger code cache with -XX:ReservedCodeCacheSize=
#   JVM is running with Unscaled Compressed Oops mode in which the Java heap is
#     placed in the first 4GB address space. The Java Heap base address is the
#     maximum limit for the native heap growth. Please use -XX:HeapBaseMinAddress
#     to set the Java Heap base and to place the Java Heap above 4GB virtual address.
# This output file may be truncated or incomplete.
#
#  Out of Memory Error (arena.cpp:184), pid=102072, tid=104384
#
# JRE version: Java(TM) SE Runtime Environment (19.0.1+10) (build 19.0.1+10-21)
# Java VM: Java HotSpot(TM) 64-Bit Server VM (19.0.1+10-21, mixed mode, sharing, tiered, compressed oops, compressed class ptrs, g1 gc, windows-amd64)
# No core dump will be written. Minidumps are not enabled by default on client versions of Windows
#

---------------  S U M M A R Y ------------

Command Line: -javaagent:C:\Program Files\JetBrains\IntelliJ IDEA Community Edition 2022.2.4\lib\idea_rt.jar=64648:C:\Program Files\JetBrains\IntelliJ IDEA Community Edition 2022.2.4\bin -Dfile.encoding=UTF-8 -Dsun.stdout.encoding=UTF-8 -Dsun.stderr.encoding=UTF-8 PerfectSquares

Host: AMD Ryzen 3 5300U with Radeon Graphics         , 8 cores, 5G,  Windows 11 , 64 bit Build 22000 (10.0.22000.318)
Time: Sat Jan 21 00:36:57 2023 India Standard Time elapsed time: 0.143526 seconds (0d 0h 0m 0s)

---------------  T H R E A D  ---------------

Current thread (0x00000111b8fb4f50):  JavaThread "C2 CompilerThread0" daemon [_thread_in_native, id=104384, stack(0x0000000132000000,0x0000000132100000)]


Current CompileTask:
C2:    143  150       4       java.util.HashMap::putVal (300 bytes)

Stack: [0x0000000132000000,0x0000000132100000]
Native frames: (J=compiled Java code, j=interpreted, Vv=VM code, C=native code)
V  [jvm.dll+0x6ee8fa]
V  [jvm.dll+0x857a1e]
V  [jvm.dll+0x85940e]
V  [jvm.dll+0x859ac3]
V  [jvm.dll+0x28291f]
V  [jvm.dll+0xc9b5f]
V  [jvm.dll+0xc9ee5]
V  [jvm.dll+0xd726a]
V  [jvm.dll+0x2997aa]
V  [jvm.dll+0x296586]
V  [jvm.dll+0x2f74e1]
V  [jvm.dll+0x2f6c02]
V  [jvm.dll+0x709232]
V  [jvm.dll+0x701356]
V  [jvm.dll+0x7009a1]
V  [jvm.dll+0x6fe883]
V  [jvm.dll+0x1d9eec]
V  [jvm.dll+0x1daa7b]
V  [jvm.dll+0x1daa7b]
V  [jvm.dll+0x1da9b9]
V  [jvm.dll+0x2f6e9d]
V  [jvm.dll+0x709232]
V  [jvm.dll+0x701356]
V  [jvm.dll+0x7009a1]
V  [jvm.dll+0x6fe883]
V  [jvm.dll+0x1d9eec]
V  [jvm.dll+0x24b223]
V  [jvm.dll+0x1d6d61]
V  [jvm.dll+0x25b0fa]
V  [jvm.dll+0x259588]
V  [jvm.dll+0x807928]
V  [jvm.dll+0x8015fa]
V  [jvm.dll+0x6ed5eb]
C  [ucrtbase.dll+0x26c0c]
C  [KERNEL32.DLL+0x154e0]
C  [ntdll.dll+0x485b]


---------------  P R O C E S S  ---------------

Threads class SMR info:
_java_thread_list=0x00000111bd49bd80, length=11, elements={
0x0000011199ba2760, 0x00000111b8f87cd0, 0x00000111b8f888c0, 0x00000111b8f8bc20,
0x00000111b8f8d560, 0x00000111b8f8de90, 0x00000111b8f907d0, 0x00000111b8fb4f50,
0x00000111b8fbd8d0, 0x00000111b8fc0e40, 0x00000111bd4a0530
}

Java Threads: ( => current thread )
  0x0000011199ba2760 JavaThread "main" [_thread_in_vm, id=104784, stack(0x0000000131300000,0x0000000131400000)]
  0x00000111b8f87cd0 JavaThread "Reference Handler" daemon [_thread_blocked, id=103012, stack(0x0000000131a00000,0x0000000131b00000)]
  0x00000111b8f888c0 JavaThread "Finalizer" daemon [_thread_blocked, id=104508, stack(0x0000000131b00000,0x0000000131c00000)]
  0x00000111b8f8bc20 JavaThread "Signal Dispatcher" daemon [_thread_blocked, id=104680, stack(0x0000000131c00000,0x0000000131d00000)]
  0x00000111b8f8d560 JavaThread "Attach Listener" daemon [_thread_blocked, id=105244, stack(0x0000000131d00000,0x0000000131e00000)]
  0x00000111b8f8de90 JavaThread "Service Thread" daemon [_thread_blocked, id=100588, stack(0x0000000131e00000,0x0000000131f00000)]
  0x00000111b8f907d0 JavaThread "Monitor Deflation Thread" daemon [_thread_blocked, id=84168, stack(0x0000000131f00000,0x0000000132000000)]
=>0x00000111b8fb4f50 JavaThread "C2 CompilerThread0" daemon [_thread_in_native, id=104384, stack(0x0000000132000000,0x0000000132100000)]
  0x00000111b8fbd8d0 JavaThread "C1 CompilerThread0" daemon [_thread_blocked, id=100620, stack(0x0000000132100000,0x0000000132200000)]
  0x00000111b8fc0e40 JavaThread "Sweeper thread" daemon [_thread_blocked, id=104792, stack(0x0000000132200000,0x0000000132300000)]
  0x00000111bd4a0530 JavaThread "Common-Cleaner" daemon [_thread_blocked, id=93268, stack(0x0000000132300000,0x0000000132400000)]

Other Threads:
  0x00000111b8f706e0 VMThread "VM Thread" [stack: 0x0000000131900000,0x0000000131a00000] [id=96068]
  0x0000011199bf2410 WorkerThread "GC Thread#0" [stack: 0x0000000131400000,0x0000000131500000] [id=100328]
  0x0000011199bfc0d0 ConcurrentGCThread "G1 Main Marker" [stack: 0x0000000131500000,0x0000000131600000] [id=99876]
  0x0000011199bfda10 WorkerThread "G1 Conc#0" [stack: 0x0000000131600000,0x0000000131700000] [id=103536]
  0x0000011199c668c0 ConcurrentGCThread "G1 Refine#0" [stack: 0x0000000131700000,0x0000000131800000] [id=85468]
  0x00000111b8e30480 ConcurrentGCThread "G1 Service" [stack: 0x0000000131800000,0x0000000131900000] [id=101220]

Threads with active compile tasks:
C2 CompilerThread0      178  150       4       java.util.HashMap::putVal (300 bytes)

VM state: not at safepoint (normal execution)

VM Mutex/Monitor currently owned by a thread: None

Heap address: 0x00000000a2200000, size: 1502 MB, Compressed Oops mode: 32-bit

CDS archive(s) mapped at: [0x0000000800000000-0x0000000800c40000-0x0000000800c40000), size 12845056, SharedBaseAddress: 0x0000000800000000, ArchiveRelocationMode: 0.
Compressed class space mapped at: 0x0000000801000000-0x0000000841000000, reserved size: 1073741824
Narrow klass base: 0x0000000800000000, Narrow klass shift: 0, Narrow klass range: 0x100000000

GC Precious Log:
 CardTable entry size: 512
 Card Set container configuration: InlinePtr #cards 5 size 8 Array Of Cards #cards 12 size 40 Howl #buckets 4 coarsen threshold 1843 Howl Bitmap #cards 512 size 80 coarsen threshold 460 Card regions per heap region 1 cards per card region 2048
 CPUs: 8 total, 8 available
 Memory: 6006M
 Large Page Support: Disabled
 NUMA Support: Disabled
 Compressed Oops: Enabled (32-bit)
 Heap Region Size: 1M
 Heap Min Capacity: 8M
 Heap Initial Capacity: 94M
 Heap Max Capacity: 1502M
 Pre-touch: Disabled
 Parallel Workers: 8
 Concurrent Workers: 2
 Concurrent Refinement Workers: 8
 Periodic GC: Disabled

Heap:
 garbage-first heap   total 96256K, used 2048K [0x00000000a2200000, 0x0000000100000000)
  region size 1024K, 3 young (3072K), 0 survivors (0K)
 Metaspace       used 311K, committed 512K, reserved 1114112K
  class space    used 13K, committed 128K, reserved 1048576K

Heap Regions: E=young(eden), S=young(survivor), O=old, HS=humongous(starts), HC=humongous(continues), CS=collection set, F=free, OA=open archive, CA=closed archive, TAMS=top-at-mark-start (previous, next)
|   0|0x00000000a2200000, 0x00000000a2200000, 0x00000000a2300000|  0%| F|  |TAMS 0x00000000a2200000, 0x00000000a2200000| Untracked 
|   1|0x00000000a2300000, 0x00000000a2300000, 0x00000000a2400000|  0%| F|  |TAMS 0x00000000a2300000, 0x00000000a2300000| Untracked 
|   2|0x00000000a2400000, 0x00000000a2400000, 0x00000000a2500000|  0%| F|  |TAMS 0x00000000a2400000, 0x00000000a2400000| Untracked 
|   3|0x00000000a2500000, 0x00000000a2500000, 0x00000000a2600000|  0%| F|  |TAMS 0x00000000a2500000, 0x00000000a2500000| Untracked 
|   4|0x00000000a2600000, 0x00000000a2600000, 0x00000000a2700000|  0%| F|  |TAMS 0x00000000a2600000, 0x00000000a2600000| Untracked 
|   5|0x00000000a2700000, 0x00000000a2700000, 0x00000000a2800000|  0%| F|  |TAMS 0x00000000a2700000, 0x00000000a2700000| Untracked 
|   6|0x00000000a2800000, 0x00000000a2800000, 0x00000000a2900000|  0%| F|  |TAMS 0x00000000a2800000, 0x00000000a2800000| Untracked 
|   7|0x00000000a2900000, 0x00000000a2900000, 0x00000000a2a00000|  0%| F|  |TAMS 0x00000000a2900000, 0x00000000a2900000| Untracked 
|   8|0x00000000a2a00000, 0x00000000a2a00000, 0x00000000a2b00000|  0%| F|  |TAMS 0x00000000a2a00000, 0x00000000a2a00000| Untracked 
|   9|0x00000000a2b00000, 0x00000000a2b00000, 0x00000000a2c00000|  0%| F|  |TAMS 0x00000000a2b00000, 0x00000000a2b00000| Untracked 
|  10|0x00000000a2c00000, 0x00000000a2c00000, 0x00000000a2d00000|  0%| F|  |TAMS 0x00000000a2c00000, 0x00000000a2c00000| Untracked 
|  11|0x00000000a2d00000, 0x00000000a2d00000, 0x00000000a2e00000|  0%| F|  |TAMS 0x00000000a2d00000, 0x00000000a2d00000| Untracked 
|  12|0x00000000a2e00000, 0x00000000a2e00000, 0x00000000a2f00000|  0%| F|  |TAMS 0x00000000a2e00000, 0x00000000a2e00000| Untracked 
|  13|0x00000000a2f00000, 0x00000000a2f00000, 0x00000000a3000000|  0%| F|  |TAMS 0x00000000a2f00000, 0x00000000a2f00000| Untracked 
|  14|0x00000000a3000000, 0x00000000a3000000, 0x00000000a3100000|  0%| F|  |TAMS 0x00000000a3000000, 0x00000000a3000000| Untracked 
|  15|0x00000000a3100000, 0x00000000a3100000, 0x00000000a3200000|  0%| F|  |TAMS 0x00000000a3100000, 0x00000000a3100000| Untracked 
|  16|0x00000000a3200000, 0x00000000a3200000, 0x00000000a3300000|  0%| F|  |TAMS 0x00000000a3200000, 0x00000000a3200000| Untracked 
|  17|0x00000000a3300000, 0x00000000a3300000, 0x00000000a3400000|  0%| F|  |TAMS 0x00000000a3300000, 0x00000000a3300000| Untracked 
|  18|0x00000000a3400000, 0x00000000a3400000, 0x00000000a3500000|  0%| F|  |TAMS 0x00000000a3400000, 0x00000000a3400000| Untracked 
|  19|0x00000000a3500000, 0x00000000a3500000, 0x00000000a3600000|  0%| F|  |TAMS 0x00000000a3500000, 0x00000000a3500000| Untracked 
|  20|0x00000000a3600000, 0x00000000a3600000, 0x00000000a3700000|  0%| F|  |TAMS 0x00000000a3600000, 0x00000000a3600000| Untracked 
|  21|0x00000000a3700000, 0x00000000a3700000, 0x00000000a3800000|  0%| F|  |TAMS 0x00000000a3700000, 0x00000000a3700000| Untracked 
|  22|0x00000000a3800000, 0x00000000a3800000, 0x00000000a3900000|  0%| F|  |TAMS 0x00000000a3800000, 0x00000000a3800000| Untracked 
|  23|0x00000000a3900000, 0x00000000a3900000, 0x00000000a3a00000|  0%| F|  |TAMS 0x00000000a3900000, 0x00000000a3900000| Untracked 
|  24|0x00000000a3a00000, 0x00000000a3a00000, 0x00000000a3b00000|  0%| F|  |TAMS 0x00000000a3a00000, 0x00000000a3a00000| Untracked 
|  25|0x00000000a3b00000, 0x00000000a3b00000, 0x00000000a3c00000|  0%| F|  |TAMS 0x00000000a3b00000, 0x00000000a3b00000| Untracked 
|  26|0x00000000a3c00000, 0x00000000a3c00000, 0x00000000a3d00000|  0%| F|  |TAMS 0x00000000a3c00000, 0x00000000a3c00000| Untracked 
|  27|0x00000000a3d00000, 0x00000000a3d00000, 0x00000000a3e00000|  0%| F|  |TAMS 0x00000000a3d00000, 0x00000000a3d00000| Untracked 
|  28|0x00000000a3e00000, 0x00000000a3e00000, 0x00000000a3f00000|  0%| F|  |TAMS 0x00000000a3e00000, 0x00000000a3e00000| Untracked 
|  29|0x00000000a3f00000, 0x00000000a3f00000, 0x00000000a4000000|  0%| F|  |TAMS 0x00000000a3f00000, 0x00000000a3f00000| Untracked 
|  30|0x00000000a4000000, 0x00000000a4000000, 0x00000000a4100000|  0%| F|  |TAMS 0x00000000a4000000, 0x00000000a4000000| Untracked 
|  31|0x00000000a4100000, 0x00000000a4100000, 0x00000000a4200000|  0%| F|  |TAMS 0x00000000a4100000, 0x00000000a4100000| Untracked 
|  32|0x00000000a4200000, 0x00000000a4200000, 0x00000000a4300000|  0%| F|  |TAMS 0x00000000a4200000, 0x00000000a4200000| Untracked 
|  33|0x00000000a4300000, 0x00000000a4300000, 0x00000000a4400000|  0%| F|  |TAMS 0x00000000a4300000, 0x00000000a4300000| Untracked 
|  34|0x00000000a4400000, 0x00000000a4400000, 0x00000000a4500000|  0%| F|  |TAMS 0x00000000a4400000, 0x00000000a4400000| Untracked 
|  35|0x00000000a4500000, 0x00000000a4500000, 0x00000000a4600000|  0%| F|  |TAMS 0x00000000a4500000, 0x00000000a4500000| Untracked 
|  36|0x00000000a4600000, 0x00000000a4600000, 0x00000000a4700000|  0%| F|  |TAMS 0x00000000a4600000, 0x00000000a4600000| Untracked 
|  37|0x00000000a4700000, 0x00000000a4700000, 0x00000000a4800000|  0%| F|  |TAMS 0x00000000a4700000, 0x00000000a4700000| Untracked 
|  38|0x00000000a4800000, 0x00000000a4800000, 0x00000000a4900000|  0%| F|  |TAMS 0x00000000a4800000, 0x00000000a4800000| Untracked 
|  39|0x00000000a4900000, 0x00000000a4900000, 0x00000000a4a00000|  0%| F|  |TAMS 0x00000000a4900000, 0x00000000a4900000| Untracked 
|  40|0x00000000a4a00000, 0x00000000a4a00000, 0x00000000a4b00000|  0%| F|  |TAMS 0x00000000a4a00000, 0x00000000a4a00000| Untracked 
|  41|0x00000000a4b00000, 0x00000000a4b00000, 0x00000000a4c00000|  0%| F|  |TAMS 0x00000000a4b00000, 0x00000000a4b00000| Untracked 
|  42|0x00000000a4c00000, 0x00000000a4c00000, 0x00000000a4d00000|  0%| F|  |TAMS 0x00000000a4c00000, 0x00000000a4c00000| Untracked 
|  43|0x00000000a4d00000, 0x00000000a4d00000, 0x00000000a4e00000|  0%| F|  |TAMS 0x00000000a4d00000, 0x00000000a4d00000| Untracked 
|  44|0x00000000a4e00000, 0x00000000a4e00000, 0x00000000a4f00000|  0%| F|  |TAMS 0x00000000a4e00000, 0x00000000a4e00000| Untracked 
|  45|0x00000000a4f00000, 0x00000000a4f00000, 0x00000000a5000000|  0%| F|  |TAMS 0x00000000a4f00000, 0x00000000a4f00000| Untracked 
|  46|0x00000000a5000000, 0x00000000a5000000, 0x00000000a5100000|  0%| F|  |TAMS 0x00000000a5000000, 0x00000000a5000000| Untracked 
|  47|0x00000000a5100000, 0x00000000a5100000, 0x00000000a5200000|  0%| F|  |TAMS 0x00000000a5100000, 0x00000000a5100000| Untracked 
|  48|0x00000000a5200000, 0x00000000a5200000, 0x00000000a5300000|  0%| F|  |TAMS 0x00000000a5200000, 0x00000000a5200000| Untracked 
|  49|0x00000000a5300000, 0x00000000a5300000, 0x00000000a5400000|  0%| F|  |TAMS 0x00000000a5300000, 0x00000000a5300000| Untracked 
|  50|0x00000000a5400000, 0x00000000a5400000, 0x00000000a5500000|  0%| F|  |TAMS 0x00000000a5400000, 0x00000000a5400000| Untracked 
|  51|0x00000000a5500000, 0x00000000a5500000, 0x00000000a5600000|  0%| F|  |TAMS 0x00000000a5500000, 0x00000000a5500000| Untracked 
|  52|0x00000000a5600000, 0x00000000a5600000, 0x00000000a5700000|  0%| F|  |TAMS 0x00000000a5600000, 0x00000000a5600000| Untracked 
|  53|0x00000000a5700000, 0x00000000a5700000, 0x00000000a5800000|  0%| F|  |TAMS 0x00000000a5700000, 0x00000000a5700000| Untracked 
|  54|0x00000000a5800000, 0x00000000a5800000, 0x00000000a5900000|  0%| F|  |TAMS 0x00000000a5800000, 0x00000000a5800000| Untracked 
|  55|0x00000000a5900000, 0x00000000a5900000, 0x00000000a5a00000|  0%| F|  |TAMS 0x00000000a5900000, 0x00000000a5900000| Untracked 
|  56|0x00000000a5a00000, 0x00000000a5a00000, 0x00000000a5b00000|  0%| F|  |TAMS 0x00000000a5a00000, 0x00000000a5a00000| Untracked 
|  57|0x00000000a5b00000, 0x00000000a5b00000, 0x00000000a5c00000|  0%| F|  |TAMS 0x00000000a5b00000, 0x00000000a5b00000| Untracked 
|  58|0x00000000a5c00000, 0x00000000a5c00000, 0x00000000a5d00000|  0%| F|  |TAMS 0x00000000a5c00000, 0x00000000a5c00000| Untracked 
|  59|0x00000000a5d00000, 0x00000000a5d00000, 0x00000000a5e00000|  0%| F|  |TAMS 0x00000000a5d00000, 0x00000000a5d00000| Untracked 
|  60|0x00000000a5e00000, 0x00000000a5e00000, 0x00000000a5f00000|  0%| F|  |TAMS 0x00000000a5e00000, 0x00000000a5e00000| Untracked 
|  61|0x00000000a5f00000, 0x00000000a5f00000, 0x00000000a6000000|  0%| F|  |TAMS 0x00000000a5f00000, 0x00000000a5f00000| Untracked 
|  62|0x00000000a6000000, 0x00000000a6000000, 0x00000000a6100000|  0%| F|  |TAMS 0x00000000a6000000, 0x00000000a6000000| Untracked 
|  63|0x00000000a6100000, 0x00000000a6100000, 0x00000000a6200000|  0%| F|  |TAMS 0x00000000a6100000, 0x00000000a6100000| Untracked 
|  64|0x00000000a6200000, 0x00000000a6200000, 0x00000000a6300000|  0%| F|  |TAMS 0x00000000a6200000, 0x00000000a6200000| Untracked 
|  65|0x00000000a6300000, 0x00000000a6300000, 0x00000000a6400000|  0%| F|  |TAMS 0x00000000a6300000, 0x00000000a6300000| Untracked 
|  66|0x00000000a6400000, 0x00000000a6400000, 0x00000000a6500000|  0%| F|  |TAMS 0x00000000a6400000, 0x00000000a6400000| Untracked 
|  67|0x00000000a6500000, 0x00000000a6500000, 0x00000000a6600000|  0%| F|  |TAMS 0x00000000a6500000, 0x00000000a6500000| Untracked 
|  68|0x00000000a6600000, 0x00000000a6600000, 0x00000000a6700000|  0%| F|  |TAMS 0x00000000a6600000, 0x00000000a6600000| Untracked 
|  69|0x00000000a6700000, 0x00000000a6700000, 0x00000000a6800000|  0%| F|  |TAMS 0x00000000a6700000, 0x00000000a6700000| Untracked 
|  70|0x00000000a6800000, 0x00000000a6800000, 0x00000000a6900000|  0%| F|  |TAMS 0x00000000a6800000, 0x00000000a6800000| Untracked 
|  71|0x00000000a6900000, 0x00000000a6900000, 0x00000000a6a00000|  0%| F|  |TAMS 0x00000000a6900000, 0x00000000a6900000| Untracked 
|  72|0x00000000a6a00000, 0x00000000a6a00000, 0x00000000a6b00000|  0%| F|  |TAMS 0x00000000a6a00000, 0x00000000a6a00000| Untracked 
|  73|0x00000000a6b00000, 0x00000000a6b00000, 0x00000000a6c00000|  0%| F|  |TAMS 0x00000000a6b00000, 0x00000000a6b00000| Untracked 
|  74|0x00000000a6c00000, 0x00000000a6c00000, 0x00000000a6d00000|  0%| F|  |TAMS 0x00000000a6c00000, 0x00000000a6c00000| Untracked 
|  75|0x00000000a6d00000, 0x00000000a6d00000, 0x00000000a6e00000|  0%| F|  |TAMS 0x00000000a6d00000, 0x00000000a6d00000| Untracked 
|  76|0x00000000a6e00000, 0x00000000a6e00000, 0x00000000a6f00000|  0%| F|  |TAMS 0x00000000a6e00000, 0x00000000a6e00000| Untracked 
|  77|0x00000000a6f00000, 0x00000000a6f00000, 0x00000000a7000000|  0%| F|  |TAMS 0x00000000a6f00000, 0x00000000a6f00000| Untracked 
|  78|0x00000000a7000000, 0x00000000a7000000, 0x00000000a7100000|  0%| F|  |TAMS 0x00000000a7000000, 0x00000000a7000000| Untracked 
|  79|0x00000000a7100000, 0x00000000a7100000, 0x00000000a7200000|  0%| F|  |TAMS 0x00000000a7100000, 0x00000000a7100000| Untracked 
|  80|0x00000000a7200000, 0x00000000a7200000, 0x00000000a7300000|  0%| F|  |TAMS 0x00000000a7200000, 0x00000000a7200000| Untracked 
|  81|0x00000000a7300000, 0x00000000a7300000, 0x00000000a7400000|  0%| F|  |TAMS 0x00000000a7300000, 0x00000000a7300000| Untracked 
|  82|0x00000000a7400000, 0x00000000a7400000, 0x00000000a7500000|  0%| F|  |TAMS 0x00000000a7400000, 0x00000000a7400000| Untracked 
|  83|0x00000000a7500000, 0x00000000a7500000, 0x00000000a7600000|  0%| F|  |TAMS 0x00000000a7500000, 0x00000000a7500000| Untracked 
|  84|0x00000000a7600000, 0x00000000a7600000, 0x00000000a7700000|  0%| F|  |TAMS 0x00000000a7600000, 0x00000000a7600000| Untracked 
|  85|0x00000000a7700000, 0x00000000a7700000, 0x00000000a7800000|  0%| F|  |TAMS 0x00000000a7700000, 0x00000000a7700000| Untracked 
|  86|0x00000000a7800000, 0x00000000a7800000, 0x00000000a7900000|  0%| F|  |TAMS 0x00000000a7800000, 0x00000000a7800000| Untracked 
|  87|0x00000000a7900000, 0x00000000a7900000, 0x00000000a7a00000|  0%| F|  |TAMS 0x00000000a7900000, 0x00000000a7900000| Untracked 
|  88|0x00000000a7a00000, 0x00000000a7a00000, 0x00000000a7b00000|  0%| F|  |TAMS 0x00000000a7a00000, 0x00000000a7a00000| Untracked 
|  89|0x00000000a7b00000, 0x00000000a7b00000, 0x00000000a7c00000|  0%| F|  |TAMS 0x00000000a7b00000, 0x00000000a7b00000| Untracked 
|  90|0x00000000a7c00000, 0x00000000a7c00000, 0x00000000a7d00000|  0%| F|  |TAMS 0x00000000a7c00000, 0x00000000a7c00000| Untracked 
|  91|0x00000000a7d00000, 0x00000000a7d76448, 0x00000000a7e00000| 46%| E|  |TAMS 0x00000000a7d00000, 0x00000000a7d00000| Complete 
|  92|0x00000000a7e00000, 0x00000000a7f00000, 0x00000000a7f00000|100%| E|CS|TAMS 0x00000000a7e00000, 0x00000000a7e00000| Complete 
|  93|0x00000000a7f00000, 0x00000000a8000000, 0x00000000a8000000|100%| E|CS|TAMS 0x00000000a7f00000, 0x00000000a7f00000| Complete 

Card table byte_map: [0x00000111b3050000,0x00000111b3340000] _byte_map_base: 0x00000111b2b3f000

Marking Bits (Prev, Next): (CMBitMap*) 0x0000011199bf2940, (CMBitMap*) 0x0000011199bf2980
 Prev Bits: [0x00000111b3630000, 0x00000111b4da8000)
 Next Bits: [0x00000111b4db0000, 0x00000111b6528000)

Polling page: 0x0000011199c70000

Metaspace:

Usage:
  Non-class:    307.58 KB used.
      Class:     13.95 KB used.
       Both:    321.52 KB used.

Virtual space:
  Non-class space:       64.00 MB reserved,     384.00 KB ( <1%) committed,  1 nodes.
      Class space:        1.00 GB reserved,     128.00 KB ( <1%) committed,  1 nodes.
             Both:        1.06 GB reserved,     512.00 KB ( <1%) committed. 

Chunk freelists:
   Non-Class:  4.00 MB
       Class:  3.75 MB
        Both:  7.74 MB

MaxMetaspaceSize: unlimited
CompressedClassSpaceSize: 1.00 GB
Initial GC threshold: 21.00 MB
Current GC threshold: 21.00 MB
CDS: on
MetaspaceReclaimPolicy: balanced
 - commit_granule_bytes: 65536.
 - commit_granule_words: 8192.
 - virtual_space_node_default_size: 8388608.
 - enlarge_chunks_in_place: 1.
 - new_chunks_are_fully_committed: 0.
 - uncommit_free_chunks: 1.
 - use_allocation_guard: 0.


Internal statistics:

num_allocs_failed_limit: 0.
num_arena_births: 6.
num_arena_deaths: 0.
num_vsnodes_births: 2.
num_vsnodes_deaths: 0.
num_space_committed: 8.
num_space_uncommitted: 0.
num_chunks_returned_to_freelist: 0.
num_chunks_taken_from_freelist: 7.
num_chunk_merges: 0.
num_chunk_splits: 4.
num_chunks_enlarged: 2.
num_inconsistent_stats: 0.

CodeHeap 'non-profiled nmethods': size=120000Kb used=51Kb max_used=51Kb free=119949Kb
 bounds [0x00000111aadc0000, 0x00000111ab030000, 0x00000111b22f0000]
CodeHeap 'profiled nmethods': size=120000Kb used=178Kb max_used=178Kb free=119821Kb
 bounds [0x00000111a32f0000, 0x00000111a3560000, 0x00000111aa820000]
CodeHeap 'non-nmethods': size=5760Kb used=1188Kb max_used=1188Kb free=4571Kb
 bounds [0x00000111aa820000, 0x00000111aaa90000, 0x00000111aadc0000]
 total_blobs=551 nmethods=170 adapters=292
 compilation: enabled
              stopped_count=0, restarted_count=0
 full_count=0

Compilation events (20 events):
Event: 0.136 Thread 0x00000111b8fbd8d0  154       3       java.util.ImmutableCollections$Set12$1::next (95 bytes)
Event: 0.136 Thread 0x00000111b8fb4f50 nmethod 132 0x00000111aadcb890 code [0x00000111aadcba20, 0x00000111aadcbbd8]
Event: 0.136 Thread 0x00000111b8fbd8d0 nmethod 154 0x00000111a3316690 code [0x00000111a3316860, 0x00000111a3316b48]
Event: 0.136 Thread 0x00000111b8fb4f50  150       4       java.util.HashMap::putVal (300 bytes)
Event: 0.136 Thread 0x00000111b8fbd8d0  153       3       java.util.AbstractMap::<init> (5 bytes)
Event: 0.136 Thread 0x00000111b8fbd8d0 nmethod 153 0x00000111a3316c90 code [0x00000111a3316e40, 0x00000111a3316f98]
Event: 0.136 Thread 0x00000111b8fbd8d0  152       3       java.lang.module.ResolvedModule::name (11 bytes)
Event: 0.137 Thread 0x00000111b8fbd8d0 nmethod 152 0x00000111a3317090 code [0x00000111a3317240, 0x00000111a3317398]
Event: 0.137 Thread 0x00000111b8fbd8d0  156       3       java.util.HashMap::<init> (11 bytes)
Event: 0.137 Thread 0x00000111b8fbd8d0 nmethod 156 0x00000111a3317490 code [0x00000111a3317640, 0x00000111a3317818]
Event: 0.138 Thread 0x00000111b8fbd8d0  157       3       java.util.HashSet::<init> (16 bytes)
Event: 0.138 Thread 0x00000111b8fbd8d0 nmethod 157 0x00000111a3317910 code [0x00000111a3317ae0, 0x00000111a3317ef8]
Event: 0.138 Thread 0x00000111b8fbd8d0  158       1       java.lang.module.ResolvedModule::configuration (5 bytes)
Event: 0.139 Thread 0x00000111b8fbd8d0 nmethod 158 0x00000111aadcbd10 code [0x00000111aadcbea0, 0x00000111aadcbf58]
Event: 0.139 Thread 0x00000111b8fbd8d0  159       1       java.lang.module.ModuleDescriptor::isOpen (5 bytes)
Event: 0.139 Thread 0x00000111b8fbd8d0 nmethod 159 0x00000111aadcc010 code [0x00000111aadcc1a0, 0x00000111aadcc278]
Event: 0.139 Thread 0x00000111b8fbd8d0  160       1       java.util.HashMap::size (5 bytes)
Event: 0.139 Thread 0x00000111b8fbd8d0 nmethod 160 0x00000111aadcc310 code [0x00000111aadcc4a0, 0x00000111aadcc558]
Event: 0.139 Thread 0x00000111b8fbd8d0  161       1       java.lang.module.ModuleDescriptor$Provides::service (5 bytes)
Event: 0.139 Thread 0x00000111b8fbd8d0 nmethod 161 0x00000111aadcc610 code [0x00000111aadcc7a0, 0x00000111aadcc858]

GC Heap History (0 events):
No events

Dll operation events (2 events):
Event: 0.015 Loaded shared library C:\Program Files\Java\jdk-19\bin\java.dll
Event: 0.034 Loaded shared library C:\Program Files\Java\jdk-19\bin\jsvml.dll

Deoptimization events (0 events):
No events

Classes loaded (2 events):
Event: 0.056 Loading class sun/nio/cs/UTF_8$Encoder
Event: 0.056 Loading class sun/nio/cs/UTF_8$Encoder done

Classes unloaded (0 events):
No events

Classes redefined (0 events):
No events

Internal exceptions (0 events):
No events

VM Operations (2 events):
Event: 0.118 Executing VM operation: HandshakeAllThreads
Event: 0.118 Executing VM operation: HandshakeAllThreads done

Events (11 events):
Event: 0.034 Thread 0x0000011199ba2760 Thread added: 0x0000011199ba2760
Event: 0.059 Thread 0x00000111b8f87cd0 Thread added: 0x00000111b8f87cd0
Event: 0.059 Thread 0x00000111b8f888c0 Thread added: 0x00000111b8f888c0
Event: 0.060 Thread 0x00000111b8f8bc20 Thread added: 0x00000111b8f8bc20
Event: 0.060 Thread 0x00000111b8f8d560 Thread added: 0x00000111b8f8d560
Event: 0.060 Thread 0x00000111b8f8de90 Thread added: 0x00000111b8f8de90
Event: 0.060 Thread 0x00000111b8f907d0 Thread added: 0x00000111b8f907d0
Event: 0.060 Thread 0x00000111b8fb4f50 Thread added: 0x00000111b8fb4f50
Event: 0.060 Thread 0x00000111b8fbd8d0 Thread added: 0x00000111b8fbd8d0
Event: 0.060 Thread 0x00000111b8fc0e40 Thread added: 0x00000111b8fc0e40
Event: 0.103 Thread 0x00000111bd4a0530 Thread added: 0x00000111bd4a0530


Dynamic libraries:
0x00007ff613870000 - 0x00007ff613880000 	C:\Program Files\Java\jdk-19\bin\java.exe
0x00007ffa84da0000 - 0x00007ffa84fa7000 	C:\Windows\SYSTEM32\ntdll.dll
0x00007ffa83640000 - 0x00007ffa836fd000 	C:\Windows\System32\KERNEL32.DLL
0x00007ffa82280000 - 0x00007ffa825f4000 	C:\Windows\System32\KERNELBASE.dll
0x00007ffa82ae0000 - 0x00007ffa82bf1000 	C:\Windows\System32\ucrtbase.dll
0x00007ffa62dc0000 - 0x00007ffa62ddb000 	C:\Program Files\Java\jdk-19\bin\VCRUNTIME140.dll
0x00007ffa60240000 - 0x00007ffa60258000 	C:\Program Files\Java\jdk-19\bin\jli.dll
0x00007ffa83550000 - 0x00007ffa835fc000 	C:\Windows\System32\ADVAPI32.dll
0x00007ffa84960000 - 0x00007ffa84a03000 	C:\Windows\System32\msvcrt.dll
0x00007ffa834b0000 - 0x00007ffa8354d000 	C:\Windows\System32\sechost.dll
0x00007ffa82c30000 - 0x00007ffa82d51000 	C:\Windows\System32\RPCRT4.dll
0x00007ffa83270000 - 0x00007ffa8341c000 	C:\Windows\System32\USER32.dll
0x00007ffa6a810000 - 0x00007ffa6aab5000 	C:\Windows\WinSxS\amd64_microsoft.windows.common-controls_6595b64144ccf1df_6.0.22000.120_none_9d947278b86cc467\COMCTL32.dll
0x00007ffa82c00000 - 0x00007ffa82c26000 	C:\Windows\System32\win32u.dll
0x00007ffa83820000 - 0x00007ffa83849000 	C:\Windows\System32\GDI32.dll
0x00007ffa82600000 - 0x00007ffa82712000 	C:\Windows\System32\gdi32full.dll
0x00007ffa827a0000 - 0x00007ffa8283d000 	C:\Windows\System32\msvcp_win.dll
0x00007ffa79110000 - 0x00007ffa7911a000 	C:\Windows\SYSTEM32\VERSION.dll
0x00007ffa83600000 - 0x00007ffa83631000 	C:\Windows\System32\IMM32.DLL
0x00007ffa76750000 - 0x00007ffa7675c000 	C:\Program Files\Java\jdk-19\bin\vcruntime140_1.dll
0x00007ffa5d5f0000 - 0x00007ffa5d67e000 	C:\Program Files\Java\jdk-19\bin\msvcp140.dll
0x00007ffa26da0000 - 0x00007ffa27a60000 	C:\Program Files\Java\jdk-19\bin\server\jvm.dll
0x00007ffa4f1d0000 - 0x00007ffa4f1d9000 	C:\Windows\SYSTEM32\WSOCK32.dll
0x00007ffa7bf60000 - 0x00007ffa7bf93000 	C:\Windows\SYSTEM32\WINMM.dll
0x00007ffa83430000 - 0x00007ffa8349f000 	C:\Windows\System32\WS2_32.dll
0x00007ffa813a0000 - 0x00007ffa813b8000 	C:\Windows\SYSTEM32\kernel.appcore.dll
0x00007ffa62f30000 - 0x00007ffa62f3a000 	C:\Program Files\Java\jdk-19\bin\jimage.dll
0x00007ffa7fec0000 - 0x00007ffa800e1000 	C:\Windows\SYSTEM32\DBGHELP.DLL
0x00007ffa71070000 - 0x00007ffa710a1000 	C:\Windows\SYSTEM32\dbgcore.DLL
0x00007ffa82720000 - 0x00007ffa827a0000 	C:\Windows\System32\bcryptPrimitives.dll
0x00007ffa62e90000 - 0x00007ffa62e9e000 	C:\Program Files\Java\jdk-19\bin\instrument.dll
0x00007ffa5f9c0000 - 0x00007ffa5f9e6000 	C:\Program Files\Java\jdk-19\bin\java.dll
0x00007ffa40d90000 - 0x00007ffa40e67000 	C:\Program Files\Java\jdk-19\bin\jsvml.dll
0x00007ffa83850000 - 0x00007ffa83ffa000 	C:\Windows\System32\SHELL32.dll
0x00007ffa80420000 - 0x00007ffa80c82000 	C:\Windows\SYSTEM32\windows.storage.dll
0x00007ffa84170000 - 0x00007ffa844e8000 	C:\Windows\System32\combase.dll
0x00007ffa802b0000 - 0x00007ffa80416000 	C:\Windows\SYSTEM32\wintypes.dll
0x00007ffa84080000 - 0x00007ffa8416a000 	C:\Windows\System32\SHCORE.dll
0x00007ffa84000000 - 0x00007ffa8405d000 	C:\Windows\System32\shlwapi.dll
0x00007ffa821b0000 - 0x00007ffa821d1000 	C:\Windows\SYSTEM32\profapi.dll
0x00007ffa5fc60000 - 0x00007ffa5fc78000 	C:\Program Files\Java\jdk-19\bin\zip.dll
0x00007ffa5f9a0000 - 0x00007ffa5f9b3000 	C:\Program Files\Java\jdk-19\bin\net.dll
0x00007ffa7c800000 - 0x00007ffa7c90c000 	C:\Windows\SYSTEM32\WINHTTP.dll
0x00007ffa817b0000 - 0x00007ffa81817000 	C:\Windows\system32\mswsock.dll
0x00007ffa5f610000 - 0x00007ffa5f626000 	C:\Program Files\Java\jdk-19\bin\nio.dll

dbghelp: loaded successfully - version: 4.0.5 - missing functions: none
symbol engine: initialized successfully - sym options: 0x614 - pdb path: .;C:\Program Files\Java\jdk-19\bin;C:\Windows\SYSTEM32;C:\Windows\WinSxS\amd64_microsoft.windows.common-controls_6595b64144ccf1df_6.0.22000.120_none_9d947278b86cc467;C:\Program Files\Java\jdk-19\bin\server

VM Arguments:
jvm_args: -javaagent:C:\Program Files\JetBrains\IntelliJ IDEA Community Edition 2022.2.4\lib\idea_rt.jar=64648:C:\Program Files\JetBrains\IntelliJ IDEA Community Edition 2022.2.4\bin -Dfile.encoding=UTF-8 -Dsun.stdout.encoding=UTF-8 -Dsun.stderr.encoding=UTF-8 
java_command: PerfectSquares
java_class_path (initial): C:\Users\Lenovo\Documents\GitHub\JavaPractice\out\production\JavaPractice
Launcher Type: SUN_STANDARD

[Global flags]
     intx CICompilerCount                          = 4                                         {product} {ergonomic}
     uint ConcGCThreads                            = 2                                         {product} {ergonomic}
     uint G1ConcRefinementThreads                  = 8                                         {product} {ergonomic}
   size_t G1HeapRegionSize                         = 1048576                                   {product} {ergonomic}
    uintx GCDrainStackTargetSize                   = 64                                        {product} {ergonomic}
   size_t InitialHeapSize                          = 98566144                                  {product} {ergonomic}
   size_t MarkStackSize                            = 4194304                                   {product} {ergonomic}
   size_t MaxHeapSize                              = 1574961152                                {product} {ergonomic}
   size_t MaxNewSize                               = 944766976                                 {product} {ergonomic}
   size_t MinHeapDeltaBytes                        = 1048576                                   {product} {ergonomic}
   size_t MinHeapSize                              = 8388608                                   {product} {ergonomic}
    uintx NonNMethodCodeHeapSize                   = 5839372                                {pd product} {ergonomic}
    uintx NonProfiledCodeHeapSize                  = 122909434                              {pd product} {ergonomic}
    uintx ProfiledCodeHeapSize                     = 122909434                              {pd product} {ergonomic}
    uintx ReservedCodeCacheSize                    = 251658240                              {pd product} {ergonomic}
     bool SegmentedCodeCache                       = true                                      {product} {ergonomic}
   size_t SoftMaxHeapSize                          = 1574961152                             {manageable} {ergonomic}
     bool UseCompressedClassPointers               = true                           {product lp64_product} {ergonomic}
     bool UseCompressedOops                        = true                           {product lp64_product} {ergonomic}
     bool UseG1GC                                  = true                                      {product} {ergonomic}
     bool UseLargePagesIndividualAllocation        = false                                  {pd product} {ergonomic}

Logging:
Log output configuration:
 #0: stdout all=warning uptime,level,tags foldmultilines=false
 #1: stderr all=off uptime,level,tags foldmultilines=false

Environment Variables:
PATH=C:\Program Files\Common Files\Oracle\Java\javapath;C:\Windows\system32;C:\Windows;C:\Windows\System32\Wbem;C:\Windows\System32\WindowsPowerShell\v1.0\;C:\Windows\System32\OpenSSH\;C:\Program Files\Git\cmd;C:\Program Files\nodejs\;C:\Users\Lenovo\AppData\Local\Microsoft\WindowsApps;C:\Users\Lenovo\AppData\Local\GitHubDesktop\bin;C:\Users\Lenovo\AppData\Local\Programs\Microsoft VS Code\bin;C:\Users\Lenovo\AppData\Roaming\npm
USERNAME=Lenovo
OS=Windows_NT
PROCESSOR_IDENTIFIER=AMD64 Family 23 Model 104 Stepping 1, AuthenticAMD
TMP=C:\Users\Lenovo\AppData\Local\Temp
TEMP=C:\Users\Lenovo\AppData\Local\Temp



---------------  S Y S T E M  ---------------

OS:
 Windows 11 , 64 bit Build 22000 (10.0.22000.318)
OS uptime: 19 days 14:30 hours

CPU: total 8 (initial active 8) (8 cores per cpu, 2 threads per core) family 23 model 104 stepping 1 microcode 0x0, cx8, cmov, fxsr, ht, mmx, 3dnowpref, sse, sse2, sse3, ssse3, sse4a, sse4.1, sse4.2, popcnt, lzcnt, tsc, tscinvbit, avx, avx2, aes, clmul, bmi1, bmi2, adx, sha, fma, vzeroupper, clflush, clflushopt, rdtscp, rdpid

Memory: 4k page, system-wide physical 6006M (469M free)
TotalPageFile size 24438M (AvailPageFile size 178M)
current process WorkingSet (physical memory assigned to process): 31M, peak: 31M
current process commit charge ("private bytes"): 175M, peak: 175M

vm_info: Java HotSpot(TM) 64-Bit Server VM (19.0.1+10-21) for windows-amd64 JRE (19.0.1+10-21), built on 2022-09-14T12:45:06Z by "mach5one" with MS VC++ 17.1 (VS2022)

END.
